<?xml version="1.0" encoding="UTF-8"?>
<testng-results skipped="0" failed="0" total="1" passed="1">
  <reporter-output>
    <line>
      <![CDATA[Titles are same]]>
    </line>
    <line>
      <![CDATA[text IGNITE EvoKNIT Lo 2 Men's Running Shoes is present]]>
    </line>
    <line>
      <![CDATA[Quantity one is present]]>
    </line>
  </reporter-output>
  <suite name="Suite" duration-ms="190286" started-at="2018-05-08T11:58:10Z" finished-at="2018-05-08T12:01:21Z">
    <groups>
    </groups>
    <test name="Test" duration-ms="190286" started-at="2018-05-08T11:58:10Z" finished-at="2018-05-08T12:01:21Z">
      <class name="com.puma.Script.AddProductTest">
        <test-method status="PASS" signature="openApp()[pri:0, instance:com.puma.Script.AddProductTest@3a03464]" name="openApp" is-config="true" duration-ms="87785" started-at="2018-05-08T17:28:10Z" finished-at="2018-05-08T17:29:38Z">
          <reporter-output>
          </reporter-output>
        </test-method> <!-- openApp -->
        <test-method status="PASS" signature="addProduct()[pri:0, instance:com.puma.Script.AddProductTest@3a03464]" name="addProduct" duration-ms="101536" started-at="2018-05-08T17:29:38Z" finished-at="2018-05-08T17:31:20Z">
          <reporter-output>
            <line>
              <![CDATA[Titles are same]]>
            </line>
            <line>
              <![CDATA[text IGNITE EvoKNIT Lo 2 Men's Running Shoes is present]]>
            </line>
            <line>
              <![CDATA[Quantity one is present]]>
            </line>
          </reporter-output>
        </test-method> <!-- addProduct -->
        <test-method status="PASS" signature="closeApp()[pri:0, instance:com.puma.Script.AddProductTest@3a03464]" name="closeApp" is-config="true" duration-ms="951" started-at="2018-05-08T17:31:20Z" finished-at="2018-05-08T17:31:21Z">
          <reporter-output>
          </reporter-output>
        </test-method> <!-- closeApp -->
      </class> <!-- com.puma.Script.AddProductTest -->
    </test> <!-- Test -->
  </suite> <!-- Suite -->
</testng-results>
