<?xml version="1.0" encoding="UTF-8"?>
<testng-results skipped="0" failed="0" total="1" passed="1">
  <reporter-output>
    <line>
      <![CDATA[Titles are same]]>
    </line>
    <line>
      <![CDATA[text IGNITE EvoKNIT Lo 2 Men's Running Shoes is present]]>
    </line>
    <line>
      <![CDATA[Quantity is present:one]]>
    </line>
  </reporter-output>
  <suite name="Default suite" duration-ms="186598" started-at="2018-05-08T12:05:58Z" finished-at="2018-05-08T12:09:05Z">
    <groups>
    </groups>
    <test name="Default test" duration-ms="186598" started-at="2018-05-08T12:05:58Z" finished-at="2018-05-08T12:09:05Z">
      <class name="com.puma.Script.AddProductTest">
        <test-method status="PASS" signature="openApp()[pri:0, instance:com.puma.Script.AddProductTest@6f7fd0e6]" name="openApp" is-config="true" duration-ms="87918" started-at="2018-05-08T17:35:58Z" finished-at="2018-05-08T17:37:26Z">
          <reporter-output>
          </reporter-output>
        </test-method> <!-- openApp -->
        <test-method status="PASS" signature="addProduct()[pri:0, instance:com.puma.Script.AddProductTest@6f7fd0e6]" name="addProduct" duration-ms="97794" started-at="2018-05-08T17:37:26Z" finished-at="2018-05-08T17:39:04Z">
          <reporter-output>
            <line>
              <![CDATA[Titles are same]]>
            </line>
            <line>
              <![CDATA[text IGNITE EvoKNIT Lo 2 Men's Running Shoes is present]]>
            </line>
            <line>
              <![CDATA[Quantity is present:one]]>
            </line>
          </reporter-output>
        </test-method> <!-- addProduct -->
        <test-method status="PASS" signature="closeApp()[pri:0, instance:com.puma.Script.AddProductTest@6f7fd0e6]" name="closeApp" is-config="true" duration-ms="873" started-at="2018-05-08T17:39:04Z" finished-at="2018-05-08T17:39:05Z">
          <reporter-output>
          </reporter-output>
        </test-method> <!-- closeApp -->
      </class> <!-- com.puma.Script.AddProductTest -->
    </test> <!-- Default test -->
  </suite> <!-- Default suite -->
</testng-results>
